Welcome to the CBC MILP Solver 
Version: 2.10.3 
Build Date: Dec 15 2019 

command line - /home/pineda/.local/lib/python3.14/site-packages/pulp/apis/../solverdir/cbc/linux/i64/cbc /tmp/b35e34bd1a0440cfab15efaf438b581f-pulp.mps -sec 180 -ratio 0.0 -timeMode elapsed -solve -printingOptions all -solution /tmp/b35e34bd1a0440cfab15efaf438b581f-pulp.sol (default strategy 1)
At line 2 NAME          MODEL
At line 3 ROWS
At line 2392 COLUMNS
At line 10743 RHS
At line 13131 BOUNDS
At line 13982 ENDATA
Problem MODEL has 2387 rows, 850 columns and 6485 elements
Coin0008I MODEL read with 0 errors
seconds was changed from 1e+100 to 180
ratioGap was changed from 0 to 0
Option for timeMode changed from cpu to elapsed
Continuous objective value is 0.0262981 - 0.06 seconds
Cgl0003I 0 fixed, 0 tightened bounds, 210 strengthened rows, 150 substitutions
Cgl0004I processed model has 1547 rows, 460 columns (460 integer (460 of which binary)) and 4865 elements
Cutoff increment increased from 1e-05 to 0.9999
Cbc0045I 15 integer variables out of 460 objects (460 integer) have cost of 1 - high priority
Cbc0045I branch on satisfied N create fake objective Y random cost Y
Cbc0038I Initial state - 285 integers unsatisfied sum - 4.14629
Cbc0038I Pass   1: suminf.    3.86147 (238) obj. 0.208813 iterations 604
Cbc0038I Pass   2: suminf.    3.30265 (313) obj. 0.344541 iterations 1126
Cbc0038I Pass   3: suminf.    2.46269 (233) obj. 0.208813 iterations 948
Cbc0038I Pass   4: suminf.    2.93591 (308) obj. 0.290795 iterations 454
Cbc0038I Pass   5: suminf.   15.35510 (305) obj. 2.02806 iterations 1220
Cbc0038I Pass   6: suminf.    2.46289 (315) obj. 0.208861 iterations 1403
Cbc0038I Pass   7: suminf.   25.98736 (337) obj. 4.63094 iterations 1351
Cbc0038I Pass   8: suminf.   18.25051 (333) obj. 3.60466 iterations 1032
Cbc0038I Pass   9: suminf.   16.83835 (337) obj. 3.19291 iterations 402
Cbc0038I Pass  10: suminf.   15.33701 (236) obj. 3.13896 iterations 344
Cbc0038I Pass  11: suminf.   14.70460 (313) obj. 3.08877 iterations 122
Cbc0038I Pass  12: suminf.   14.67153 (307) obj. 3.11083 iterations 118
Cbc0038I Pass  13: suminf.   15.92320 (312) obj. 2.86493 iterations 436
Cbc0038I Pass  14: suminf.   14.67935 (198) obj. 2.47826 iterations 392
Cbc0038I Pass  15: suminf.   11.91078 (279) obj. 1.70732 iterations 280
Cbc0038I Pass  16: suminf.    9.27541 (312) obj. 1.38172 iterations 282
Cbc0038I Pass  17: suminf.   15.69496 (251) obj. 1.87527 iterations 234
Cbc0038I Pass  18: suminf.   11.38657 (288) obj. 1.47655 iterations 249
Cbc0038I Pass  19: suminf.    4.09899 (301) obj. 0.339312 iterations 254
Cbc0038I Pass  20: suminf.    2.46269 (233) obj. 0.208813 iterations 1374
Cbc0038I Pass  21: suminf.    2.57249 (223) obj. 0.24784 iterations 218
Cbc0038I Pass  22: suminf.    4.55534 (319) obj. 0.453578 iterations 1078
Cbc0038I Pass  23: suminf.   45.04555 (278) obj. 6.54614 iterations 953
Cbc0038I Pass  24: suminf.   13.58917 (254) obj. 2.57809 iterations 835
Cbc0038I Pass  25: suminf.    8.76253 (247) obj. 2.20837 iterations 965
Cbc0038I Pass  26: suminf.   12.04961 (247) obj. 2.20841 iterations 90
Cbc0038I Pass  27: suminf.   12.04870 (248) obj. 2.20841 iterations 24
Cbc0038I Pass  28: suminf.   11.95743 (248) obj. 2.20841 iterations 37
Cbc0038I Pass  29: suminf.   11.41953 (247) obj. 2.20841 iterations 257
Cbc0038I Pass  30: suminf.   10.61197 (248) obj. 2.20837 iterations 68
Cbc0038I Pass  31: suminf.   11.27852 (246) obj. 2.20837 iterations 54
Cbc0038I Pass  32: suminf.   10.77961 (246) obj. 2.20841 iterations 39
Cbc0038I Pass  33: suminf.   12.91722 (236) obj. 2.20846 iterations 73
Cbc0038I Pass  34: suminf.    9.33391 (234) obj. 2.20837 iterations 93
Cbc0038I Pass  35: suminf.    9.33391 (234) obj. 2.20837 iterations 11
Cbc0038I Pass  36: suminf.    7.75859 (238) obj. 2.27204 iterations 641
Cbc0038I Pass  37: suminf.    6.58621 (276) obj. 2.20872 iterations 1021
Cbc0038I Pass  38: suminf.    6.58604 (277) obj. 2.20875 iterations 155
Cbc0038I Pass  39: suminf.    7.29123 (254) obj. 2.31498 iterations 509
Cbc0038I Pass  40: suminf.    5.39760 (287) obj. 2.2085 iterations 805
Cbc0038I Pass  41: suminf.    7.58598 (288) obj. 2.20851 iterations 119
Cbc0038I Pass  42: suminf.    6.64794 (274) obj. 2.20869 iterations 112
Cbc0038I Pass  43: suminf.    6.58569 (263) obj. 2.20843 iterations 41
Cbc0038I Pass  44: suminf.    7.21531 (237) obj. 2.34738 iterations 836
Cbc0038I Pass  45: suminf.    5.39754 (299) obj. 2.20793 iterations 1182
Cbc0038I Pass  46: suminf.    7.02247 (262) obj. 2.20858 iterations 190
Cbc0038I Pass  47: suminf.    6.64801 (296) obj. 2.20868 iterations 79
Cbc0038I Pass  48: suminf.    6.58569 (263) obj. 2.20843 iterations 27
Cbc0038I Pass  49: suminf.    7.00550 (249) obj. 2.25955 iterations 609
Cbc0038I Pass  50: suminf.    5.39754 (299) obj. 2.20793 iterations 752
Cbc0038I Pass  51: suminf.    7.16886 (276) obj. 2.26971 iterations 583
Cbc0038I Pass  52: suminf.   36.38216 (288) obj. 6.79993 iterations 830
Cbc0038I Pass  53: suminf.    9.13225 (230) obj. 2.59804 iterations 885
Cbc0038I Pass  54: suminf.    6.33158 (314) obj. 2.20799 iterations 1296
Cbc0038I Pass  55: suminf.    5.39795 (292) obj. 2.20832 iterations 99
Cbc0038I Pass  56: suminf.    5.39754 (299) obj. 2.20793 iterations 209
Cbc0038I Pass  57: suminf.    7.21973 (262) obj. 2.27146 iterations 749
Cbc0038I Pass  58: suminf.    6.58569 (263) obj. 2.20843 iterations 551
Cbc0038I Pass  59: suminf.    7.19133 (238) obj. 2.27204 iterations 668
Cbc0038I Pass  60: suminf.   43.91441 (303) obj. 7.98384 iterations 1121
Cbc0038I Pass  61: suminf.    8.79822 (265) obj. 2.53505 iterations 1009
Cbc0038I Pass  62: suminf.    5.41863 (263) obj. 2.20843 iterations 1136
Cbc0038I Pass  63: suminf.    5.39760 (287) obj. 2.2085 iterations 138
Cbc0038I Pass  64: suminf.    6.89892 (263) obj. 2.20836 iterations 72
Cbc0038I Pass  65: suminf.    6.58621 (276) obj. 2.20872 iterations 58
Cbc0038I Pass  66: suminf.    6.58604 (276) obj. 2.20875 iterations 42
Cbc0038I Pass  67: suminf.    6.33483 (265) obj. 2.20897 iterations 375
Cbc0038I Pass  68: suminf.    5.39760 (287) obj. 2.2085 iterations 386
Cbc0038I Pass  69: suminf.    7.63792 (258) obj. 2.30233 iterations 629
Cbc0038I Pass  70: suminf.   44.67972 (329) obj. 8.64713 iterations 924
Cbc0038I Pass  71: suminf.   23.96848 (210) obj. 5.89416 iterations 674
Cbc0038I Pass  72: suminf.   20.87740 (315) obj. 5.22696 iterations 548
Cbc0038I Pass  73: suminf.   19.98227 (310) obj. 5.02803 iterations 105
Cbc0038I Pass  74: suminf.   12.67880 (297) obj. 3.62388 iterations 220
Cbc0038I Pass  75: suminf.    9.91403 (292) obj. 3.20845 iterations 722
Cbc0038I Pass  76: suminf.   11.08272 (325) obj. 3.20792 iterations 297
Cbc0038I Pass  77: suminf.   10.58262 (307) obj. 3.20798 iterations 116
Cbc0038I Pass  78: suminf.   10.62413 (342) obj. 3.20802 iterations 239
Cbc0038I Pass  79: suminf.    9.91477 (298) obj. 3.20811 iterations 218
Cbc0038I Pass  80: suminf.    9.27161 (279) obj. 3.20804 iterations 71
Cbc0038I Pass  81: suminf.   11.71060 (316) obj. 3.20831 iterations 257
Cbc0038I Pass  82: suminf.   10.66652 (331) obj. 3.20833 iterations 90
Cbc0038I Pass  83: suminf.   10.45904 (314) obj. 3.20847 iterations 61
Cbc0038I Pass  84: suminf.   11.24529 (317) obj. 3.2084 iterations 177
Cbc0038I Pass  85: suminf.    9.27160 (283) obj. 3.20806 iterations 212
Cbc0038I Pass  86: suminf.    9.27161 (279) obj. 3.20804 iterations 20
Cbc0038I Pass  87: suminf.   10.45947 (331) obj. 3.20833 iterations 189
Cbc0038I Pass  88: suminf.   10.45904 (314) obj. 3.20847 iterations 94
Cbc0038I Pass  89: suminf.   12.70694 (323) obj. 3.20843 iterations 84
Cbc0038I Pass  90: suminf.   11.41710 (300) obj. 3.20849 iterations 123
Cbc0038I Pass  91: suminf.   11.20979 (251) obj. 3.20799 iterations 128
Cbc0038I Pass  92: suminf.   11.83216 (285) obj. 3.20839 iterations 184
Cbc0038I Pass  93: suminf.   11.20882 (314) obj. 3.20855 iterations 90
Cbc0038I Pass  94: suminf.   11.20875 (287) obj. 3.20837 iterations 83
Cbc0038I Pass  95: suminf.   11.20763 (268) obj. 3.20847 iterations 149
Cbc0038I Pass  96: suminf.    9.27190 (337) obj. 3.20792 iterations 268
Cbc0038I Pass  97: suminf.    9.27190 (308) obj. 3.20791 iterations 44
Cbc0038I Pass  98: suminf.   10.52215 (292) obj. 3.20846 iterations 178
Cbc0038I Pass  99: suminf.   10.45889 (327) obj. 3.20827 iterations 89
Cbc0038I Pass 100: suminf.   36.04645 (289) obj. 5.93258 iterations 906
Cbc0038I No solution found this major pass
Cbc0038I Before mini branch and bound, 0 integers at bound fixed and 0 continuous
Cbc0038I Full problem 1547 rows 460 columns, reduced to 1547 rows 460 columns - too large
Cbc0038I Mini branch and bound did not improve solution (4.13 seconds)
Cbc0038I Full problem 1548 rows 460 columns, reduced to 1548 rows 460 columns - too large
Cbc0038I After 4.13 seconds - Feasibility pump exiting - took 3.82 seconds
Cbc0031I 35 added rows had average density of 133.57143
Cbc0013I At root node, 35 cuts changed objective from 0.20688889 to 2 in 24 passes
Cbc0014I Cut generator 0 (Probing) - 128 row cuts average 40.8 elements, 0 column cuts (0 active)  in 0.027 seconds - new frequency is 1
Cbc0014I Cut generator 1 (Gomory) - 758 row cuts average 146.1 elements, 0 column cuts (0 active)  in 0.299 seconds - new frequency is 1
Cbc0014I Cut generator 2 (Knapsack) - 11 row cuts average 11.1 elements, 0 column cuts (0 active)  in 0.029 seconds - new frequency is -100
Cbc0014I Cut generator 3 (Clique) - 0 row cuts average 0.0 elements, 0 column cuts (0 active)  in 0.009 seconds - new frequency is -100
Cbc0014I Cut generator 4 (MixedIntegerRounding2) - 14 row cuts average 43.7 elements, 0 column cuts (0 active)  in 0.123 seconds - new frequency is -100
Cbc0014I Cut generator 5 (FlowCover) - 0 row cuts average 0.0 elements, 0 column cuts (0 active)  in 0.003 seconds - new frequency is -100
Cbc0014I Cut generator 6 (TwoMirCuts) - 664 row cuts average 90.4 elements, 0 column cuts (0 active)  in 0.148 seconds - new frequency is 1
Cbc0014I Cut generator 7 (ZeroHalf) - 109 row cuts average 6.0 elements, 0 column cuts (0 active)  in 0.230 seconds - new frequency is 1
Cbc0010I After 0 nodes, 1 on tree, 1e+50 best solution, best possible 2 (8.28 seconds)
Cbc0016I Integer solution of 8 found by strong branching after 24150 iterations and 38 nodes (12.66 seconds)
Cbc0038I Full problem 1547 rows 460 columns, reduced to 768 rows 242 columns - 29 fixed gives 210, 76 - ok now
Cbc0038I Full problem 1547 rows 460 columns, reduced to 869 rows 265 columns - 37 fixed gives 348, 127 - ok now
Cbc0010I After 100 nodes, 9 on tree, 8 best solution, best possible 2 (14.69 seconds)
Cbc0004I Integer solution of 7 found after 40748 iterations and 128 nodes (15.11 seconds)
Cbc0004I Integer solution of 6 found after 48963 iterations and 176 nodes (16.78 seconds)
Cbc0038I Full problem 1547 rows 460 columns, reduced to 792 rows 244 columns - 8 fixed gives 634, 200 - ok now
Cbc0010I After 200 nodes, 4 on tree, 6 best solution, best possible 2 (19.12 seconds)
Cbc0010I After 300 nodes, 5 on tree, 6 best solution, best possible 2 (27.58 seconds)
Cbc0001I Search completed - best objective 6, took 105203 iterations and 357 nodes (31.88 seconds)
Cbc0032I Strong branching done 1200 times (58849 iterations), fathomed 6 nodes and fixed 19 variables
Cbc0035I Maximum depth 23, 42 variables fixed on reduced cost
Cuts at root node changed objective from 0.206889 to 2
Probing was tried 454 times and created 6042 cuts of which 0 were active after adding rounds of cuts (0.345 seconds)
Gomory was tried 372 times and created 1785 cuts of which 0 were active after adding rounds of cuts (0.915 seconds)
Knapsack was tried 24 times and created 11 cuts of which 0 were active after adding rounds of cuts (0.029 seconds)
Clique was tried 24 times and created 0 cuts of which 0 were active after adding rounds of cuts (0.009 seconds)
MixedIntegerRounding2 was tried 24 times and created 14 cuts of which 0 were active after adding rounds of cuts (0.123 seconds)
FlowCover was tried 24 times and created 0 cuts of which 0 were active after adding rounds of cuts (0.003 seconds)
TwoMirCuts was tried 372 times and created 869 cuts of which 0 were active after adding rounds of cuts (0.323 seconds)
ZeroHalf was tried 372 times and created 2137 cuts of which 0 were active after adding rounds of cuts (2.191 seconds)

Result - Optimal solution found

Objective value:                6.00000000
Enumerated nodes:               357
Total iterations:               105203
Time (CPU seconds):             31.15
Time (Wallclock seconds):       31.91

Option for printingOptions changed from normal to all
Total time (CPU seconds):       31.15   (Wallclock seconds):       31.92

