Welcome to the CBC MILP Solver 
Version: 2.10.3 
Build Date: Dec 15 2019 

command line - /home/pineda/.local/lib/python3.14/site-packages/pulp/apis/../solverdir/cbc/linux/i64/cbc /tmp/512a867ec119456e9351eb64f11c06e7-pulp.mps -sec 180 -ratio 0.0 -timeMode elapsed -solve -printingOptions all -solution /tmp/512a867ec119456e9351eb64f11c06e7-pulp.sol (default strategy 1)
At line 2 NAME          MODEL
At line 3 ROWS
At line 852 COLUMNS
At line 3803 RHS
At line 4651 BOUNDS
At line 4952 ENDATA
Problem MODEL has 847 rows, 300 columns and 2295 elements
Coin0008I MODEL read with 0 errors
seconds was changed from 1e+100 to 180
ratioGap was changed from 0 to 0
Option for timeMode changed from cpu to elapsed
Continuous objective value is 0.037037 - 0.00 seconds
Cgl0003I 0 fixed, 0 tightened bounds, 115 strengthened rows, 50 substitutions
Cgl0003I 0 fixed, 0 tightened bounds, 25 strengthened rows, 0 substitutions
Cgl0004I processed model has 567 rows, 170 columns (170 integer (170 of which binary)) and 1825 elements
Cutoff increment increased from 1e-05 to 0.9999
Cbc0045I 5 integer variables out of 170 objects (170 integer) have cost of 1 - high priority
Cbc0045I branch on satisfied Y create fake objective Y random cost Y
Cbc0038I Initial state - 106 integers unsatisfied sum - 4.557
Cbc0038I Pass   1: suminf.    3.75556 (38) obj. 0.222222 iterations 102
Cbc0038I Pass   2: suminf.    7.25000 (25) obj. 2 iterations 138
Cbc0038I Pass   3: suminf.    2.25000 (8) obj. 1 iterations 15
Cbc0038I Pass   4: suminf.    2.25000 (8) obj. 1 iterations 2
Cbc0038I Pass   5: suminf.    2.16667 (9) obj. 1 iterations 13
Cbc0038I Pass   6: suminf.    2.75000 (9) obj. 1 iterations 11
Cbc0038I Pass   7: suminf.   24.21111 (94) obj. 3.93333 iterations 167
Cbc0038I Pass   8: suminf.   19.98333 (68) obj. 4 iterations 88
Cbc0038I Pass   9: suminf.   16.75000 (48) obj. 4 iterations 45
Cbc0038I Pass  10: suminf.   13.50000 (47) obj. 4 iterations 38
Cbc0038I Pass  11: suminf.   10.23611 (38) obj. 3 iterations 73
Cbc0038I Pass  12: suminf.    9.81111 (41) obj. 3 iterations 17
Cbc0038I Pass  13: suminf.    9.80556 (37) obj. 3 iterations 6
Cbc0038I Pass  14: suminf.   12.75000 (36) obj. 3 iterations 34
Cbc0038I Pass  15: suminf.    7.90000 (40) obj. 3 iterations 22
Cbc0038I Pass  16: suminf.    0.00000 (0) obj. 2 iterations 24
Cbc0038I Solution found of 2
Cbc0038I Before mini branch and bound, 25 integers at bound fixed and 0 continuous
Cbc0038I Full problem 567 rows 170 columns, reduced to 491 rows 145 columns - 7 fixed gives 405, 121 - still too large
Cbc0038I Full problem 567 rows 170 columns, reduced to 399 rows 120 columns - too large
Cbc0038I Mini branch and bound did not improve solution (0.07 seconds)
Cbc0038I Round again with cutoff of 0.92009
Cbc0038I Pass  17: suminf.    3.75556 (38) obj. 0.222222 iterations 0
Cbc0038I Pass  18: suminf.    3.10903 (20) obj. 0.92009 iterations 122
Cbc0038I Pass  19: suminf.    3.10903 (20) obj. 0.92009 iterations 17
Cbc0038I Pass  20: suminf.    3.03333 (21) obj. 0.2 iterations 110
Cbc0038I Pass  21: suminf.    2.64481 (118) obj. 0.213115 iterations 83
Cbc0038I Pass  22: suminf.    3.10903 (20) obj. 0.92009 iterations 116
Cbc0038I Pass  23: suminf.    3.10903 (20) obj. 0.92009 iterations 28
Cbc0038I Pass  24: suminf.    3.03333 (21) obj. 0.2 iterations 98
Cbc0038I Pass  25: suminf.    2.64481 (118) obj. 0.213115 iterations 60
Cbc0038I Pass  26: suminf.   12.11452 (31) obj. 0.92009 iterations 120
Cbc0038I Pass  27: suminf.    5.21919 (26) obj. 0.92009 iterations 121
Cbc0038I Pass  28: suminf.    5.10256 (27) obj. 0.92009 iterations 50
Cbc0038I Pass  29: suminf.    5.56261 (28) obj. 0.92009 iterations 21
Cbc0038I Pass  30: suminf.    5.10256 (27) obj. 0.92009 iterations 4
Cbc0038I Pass  31: suminf.    5.56261 (28) obj. 0.92009 iterations 28
Cbc0038I Pass  32: suminf.    6.32935 (28) obj. 0.92009 iterations 41
Cbc0038I Pass  33: suminf.    5.05252 (28) obj. 0.92009 iterations 27
Cbc0038I Pass  34: suminf.    5.05252 (28) obj. 0.92009 iterations 7
Cbc0038I Pass  35: suminf.    3.54545 (49) obj. 0.227273 iterations 126
Cbc0038I Pass  36: suminf.    2.64481 (118) obj. 0.213115 iterations 57
Cbc0038I Pass  37: suminf.    2.95000 (20) obj. 0.2 iterations 134
Cbc0038I Pass  38: suminf.    8.88013 (31) obj. 0.92009 iterations 105
Cbc0038I Pass  39: suminf.    5.37500 (20) obj. 0.25 iterations 70
Cbc0038I Pass  40: suminf.    5.22222 (31) obj. 0.222222 iterations 100
Cbc0038I Pass  41: suminf.    5.06667 (20) obj. 0.2 iterations 15
Cbc0038I Pass  42: suminf.    3.10903 (20) obj. 0.92009 iterations 81
Cbc0038I Pass  43: suminf.    3.10903 (20) obj. 0.92009 iterations 9
Cbc0038I Pass  44: suminf.    3.03333 (21) obj. 0.2 iterations 70
Cbc0038I Pass  45: suminf.    2.64481 (118) obj. 0.213115 iterations 91
Cbc0038I Pass  46: suminf.   12.11452 (31) obj. 0.92009 iterations 114
Cbc0038I Pass  47: suminf.    3.03236 (20) obj. 0.92009 iterations 64
Cbc0038I Pass  48: suminf.    3.03236 (20) obj. 0.92009 iterations 46
Cbc0038I Pass  49: suminf.    3.48917 (20) obj. 0.92009 iterations 13
Cbc0038I Pass  50: suminf.    3.02912 (19) obj. 0.92009 iterations 5
Cbc0038I Pass  51: suminf.    3.03236 (20) obj. 0.92009 iterations 12
Cbc0038I Pass  52: suminf.    6.80881 (27) obj. 0.92009 iterations 75
Cbc0038I Pass  53: suminf.    3.02912 (20) obj. 0.92009 iterations 52
Cbc0038I Pass  54: suminf.    2.97909 (20) obj. 0.92009 iterations 4
Cbc0038I Pass  55: suminf.    3.52912 (20) obj. 0.92009 iterations 10
Cbc0038I Pass  56: suminf.    3.02912 (20) obj. 0.92009 iterations 3
Cbc0038I Pass  57: suminf.    2.97908 (20) obj. 0.92009 iterations 6
Cbc0038I Pass  58: suminf.    3.25000 (21) obj. 0.2 iterations 149
Cbc0038I Pass  59: suminf.    2.64481 (118) obj. 0.213115 iterations 99
Cbc0038I Pass  60: suminf.   12.11452 (31) obj. 0.92009 iterations 75
Cbc0038I Pass  61: suminf.    4.17923 (20) obj. 0.92009 iterations 86
Cbc0038I Pass  62: suminf.    2.97908 (20) obj. 0.92009 iterations 53
Cbc0038I Pass  63: suminf.    2.97908 (20) obj. 0.92009 iterations 0
Cbc0038I Pass  64: suminf.    3.25000 (21) obj. 0.2 iterations 113
Cbc0038I Pass  65: suminf.    2.64481 (118) obj. 0.213115 iterations 74
Cbc0038I Pass  66: suminf.   12.11452 (31) obj. 0.92009 iterations 103
Cbc0038I Pass  67: suminf.    4.25914 (20) obj. 0.92009 iterations 42
Cbc0038I Pass  68: suminf.    3.56908 (21) obj. 0.92009 iterations 34
Cbc0038I Pass  69: suminf.    3.10903 (20) obj. 0.92009 iterations 4
Cbc0038I Pass  70: suminf.    3.03333 (21) obj. 0.2 iterations 114
Cbc0038I Pass  71: suminf.    2.64481 (118) obj. 0.213115 iterations 74
Cbc0038I Pass  72: suminf.   12.11452 (31) obj. 0.92009 iterations 85
Cbc0038I Pass  73: suminf.    3.02912 (20) obj. 0.92009 iterations 48
Cbc0038I Pass  74: suminf.    2.97908 (20) obj. 0.92009 iterations 38
Cbc0038I Pass  75: suminf.    3.52912 (20) obj. 0.92009 iterations 14
Cbc0038I Pass  76: suminf.    3.02912 (20) obj. 0.92009 iterations 7
Cbc0038I Pass  77: suminf.    2.97909 (20) obj. 0.92009 iterations 4
Cbc0038I Pass  78: suminf.    3.25000 (21) obj. 0.2 iterations 108
Cbc0038I Pass  79: suminf.    2.64481 (118) obj. 0.213115 iterations 49
Cbc0038I Pass  80: suminf.    2.82353 (36) obj. 0.235294 iterations 94
Cbc0038I Pass  81: suminf.   15.03473 (64) obj. 0.92009 iterations 143
Cbc0038I Pass  82: suminf.    4.65000 (29) obj. 0.6 iterations 140
Cbc0038I Pass  83: suminf.    2.70732 (43) obj. 0.219512 iterations 71
Cbc0038I Pass  84: suminf.    5.21234 (30) obj. 0.92009 iterations 178
Cbc0038I Pass  85: suminf.    5.21234 (30) obj. 0.92009 iterations 43
Cbc0038I Pass  86: suminf.    6.33906 (30) obj. 0.92009 iterations 15
Cbc0038I Pass  87: suminf.    5.26562 (30) obj. 0.92009 iterations 9
Cbc0038I Pass  88: suminf.    5.26562 (30) obj. 0.92009 iterations 2
Cbc0038I Pass  89: suminf.    3.92857 (33) obj. 0.285714 iterations 71
Cbc0038I Pass  90: suminf.    2.64481 (118) obj. 0.213115 iterations 150
Cbc0038I Pass  91: suminf.    2.95000 (20) obj. 0.2 iterations 164
Cbc0038I Pass  92: suminf.    4.90401 (113) obj. 0.420593 iterations 163
Cbc0038I Pass  93: suminf.   10.73002 (39) obj. 0.92009 iterations 209
Cbc0038I Pass  94: suminf.    7.24894 (28) obj. 0.92009 iterations 70
Cbc0038I Pass  95: suminf.    2.95000 (20) obj. 0.2 iterations 121
Cbc0038I Pass  96: suminf.    5.08072 (75) obj. 0.67713 iterations 155
Cbc0038I Pass  97: suminf.   12.39191 (42) obj. 0.92009 iterations 103
Cbc0038I Pass  98: suminf.    7.87777 (46) obj. 0.92009 iterations 48
Cbc0038I Pass  99: suminf.    2.97908 (20) obj. 0.92009 iterations 23
Cbc0038I Pass 100: suminf.    2.97908 (20) obj. 0.92009 iterations 5
Cbc0038I Pass 101: suminf.    3.11111 (28) obj. 0.222222 iterations 158
Cbc0038I Pass 102: suminf.    2.64481 (118) obj. 0.213115 iterations 63
Cbc0038I Pass 103: suminf.    2.95000 (20) obj. 0.2 iterations 94
Cbc0038I Pass 104: suminf.    3.59043 (69) obj. 0.297872 iterations 138
Cbc0038I Pass 105: suminf.    6.71335 (79) obj. 0.92009 iterations 218
Cbc0038I Pass 106: suminf.    4.97500 (51) obj. 0.5 iterations 123
Cbc0038I Pass 107: suminf.    6.53672 (30) obj. 0.92009 iterations 115
Cbc0038I Pass 108: suminf.    5.65000 (30) obj. 0.6 iterations 43
Cbc0038I Pass 109: suminf.    2.95000 (20) obj. 0.2 iterations 76
Cbc0038I Pass 110: suminf.    2.64481 (118) obj. 0.213115 iterations 163
Cbc0038I Pass 111: suminf.    8.59721 (40) obj. 0.92009 iterations 131
Cbc0038I Pass 112: suminf.    3.42500 (30) obj. 0.3 iterations 56
Cbc0038I Pass 113: suminf.   12.92578 (70) obj. 0.92009 iterations 148
Cbc0038I Pass 114: suminf.    2.64481 (118) obj. 0.213115 iterations 163
Cbc0038I Pass 115: suminf.   12.11452 (31) obj. 0.92009 iterations 113
Cbc0038I Pass 116: suminf.    3.48917 (20) obj. 0.92009 iterations 68
Cbc0038I No solution found this major pass
Cbc0038I Before mini branch and bound, 0 integers at bound fixed and 0 continuous
Cbc0038I Full problem 567 rows 170 columns, reduced to 567 rows 170 columns - 15 fixed gives 401, 127 - still too large
Cbc0038I Mini branch and bound did not improve solution (0.42 seconds)
Cbc0038I After 0.42 seconds - Feasibility pump exiting with objective of 2 - took 0.37 seconds
Cbc0012I Integer solution of 2 found by feasibility pump after 0 iterations and 0 nodes (0.42 seconds)
Cbc0038I Full problem 567 rows 170 columns, reduced to 369 rows 112 columns - 30 fixed gives 136, 43 - ok now
Cbc0031I 15 added rows had average density of 67.733333
Cbc0013I At root node, 15 cuts changed objective from 0.2 to 1 in 100 passes
Cbc0014I Cut generator 0 (Probing) - 77 row cuts average 46.5 elements, 0 column cuts (0 active)  in 0.111 seconds - new frequency is -100
Cbc0014I Cut generator 1 (Gomory) - 2444 row cuts average 122.3 elements, 0 column cuts (0 active)  in 0.119 seconds - new frequency is 1
Cbc0014I Cut generator 2 (Knapsack) - 5 row cuts average 15.6 elements, 0 column cuts (0 active)  in 0.035 seconds - new frequency is -100
Cbc0014I Cut generator 3 (Clique) - 0 row cuts average 0.0 elements, 0 column cuts (0 active)  in 0.004 seconds - new frequency is -100
Cbc0014I Cut generator 4 (MixedIntegerRounding2) - 24 row cuts average 45.2 elements, 0 column cuts (0 active)  in 0.062 seconds - new frequency is -100
Cbc0014I Cut generator 5 (FlowCover) - 0 row cuts average 0.0 elements, 0 column cuts (0 active)  in 0.005 seconds - new frequency is -100
Cbc0014I Cut generator 6 (TwoMirCuts) - 249 row cuts average 140.3 elements, 0 column cuts (0 active)  in 0.079 seconds - new frequency is 1
Cbc0014I Cut generator 7 (ZeroHalf) - 248 row cuts average 5.9 elements, 0 column cuts (0 active)  in 0.109 seconds - new frequency is 1
Cbc0010I After 0 nodes, 1 on tree, 2 best solution, best possible 1 (1.87 seconds)
Cbc0038I Full problem 567 rows 170 columns, reduced to 166 rows 55 columns
Cbc0001I Search completed - best objective 2, took 16746 iterations and 86 nodes (3.22 seconds)
Cbc0032I Strong branching done 1502 times (29167 iterations), fathomed 39 nodes and fixed 5 variables
Cbc0035I Maximum depth 7, 0 variables fixed on reduced cost
Cuts at root node changed objective from 0.2 to 1
Probing was tried 100 times and created 77 cuts of which 0 were active after adding rounds of cuts (0.111 seconds)
Gomory was tried 321 times and created 2920 cuts of which 0 were active after adding rounds of cuts (0.167 seconds)
Knapsack was tried 100 times and created 5 cuts of which 0 were active after adding rounds of cuts (0.035 seconds)
Clique was tried 100 times and created 0 cuts of which 0 were active after adding rounds of cuts (0.004 seconds)
MixedIntegerRounding2 was tried 100 times and created 24 cuts of which 0 were active after adding rounds of cuts (0.062 seconds)
FlowCover was tried 100 times and created 0 cuts of which 0 were active after adding rounds of cuts (0.005 seconds)
TwoMirCuts was tried 321 times and created 464 cuts of which 0 were active after adding rounds of cuts (0.106 seconds)
ZeroHalf was tried 321 times and created 573 cuts of which 0 were active after adding rounds of cuts (0.215 seconds)

Result - Optimal solution found

Objective value:                2.00000000
Enumerated nodes:               86
Total iterations:               16746
Time (CPU seconds):             3.17
Time (Wallclock seconds):       3.24

Option for printingOptions changed from normal to all
Total time (CPU seconds):       3.17   (Wallclock seconds):       3.24

