Welcome to the CBC MILP Solver 
Version: 2.10.3 
Build Date: Dec 15 2019 

command line - /home/pineda/.local/lib/python3.14/site-packages/pulp/apis/../solverdir/cbc/linux/i64/cbc /tmp/f40b46a97b544adaa525500f2f77c8b7-pulp.mps -sec 180 -ratio 0.0 -timeMode elapsed -solve -printingOptions all -solution /tmp/f40b46a97b544adaa525500f2f77c8b7-pulp.sol (default strategy 1)
At line 2 NAME          MODEL
At line 3 ROWS
At line 1697 COLUMNS
At line 7798 RHS
At line 9491 BOUNDS
At line 10092 ENDATA
Problem MODEL has 1692 rows, 600 columns and 4890 elements
Coin0008I MODEL read with 0 errors
seconds was changed from 1e+100 to 180
ratioGap was changed from 0 to 0
Option for timeMode changed from cpu to elapsed
Continuous objective value is 0.037037 - 0.01 seconds
Cgl0003I 0 fixed, 0 tightened bounds, 230 strengthened rows, 0 substitutions
Cgl0003I 0 fixed, 0 tightened bounds, 50 strengthened rows, 0 substitutions
Cgl0004I processed model has 1532 rows, 440 columns (440 integer (440 of which binary)) and 4850 elements
Cutoff increment increased from 1e-05 to 0.9999
Cbc0045I 10 integer variables out of 440 objects (440 integer) have cost of 1 - high priority
Cbc0045I branch on satisfied N create fake objective Y random cost Y
Cbc0038I Initial state - 221 integers unsatisfied sum - 5.05361
Cbc0038I Pass   1: suminf.    4.40000 (28) obj. 0.2 iterations 312
Cbc0038I Pass   2: suminf.    3.00000 (8) obj. 1 iterations 253
Cbc0038I Pass   3: suminf.    2.66667 (8) obj. 1 iterations 13
Cbc0038I Pass   4: suminf.    2.40000 (8) obj. 1 iterations 21
Cbc0038I Pass   5: suminf.   12.66667 (57) obj. 2 iterations 245
Cbc0038I Pass   6: suminf.    6.00000 (20) obj. 1 iterations 224
Cbc0038I Pass   7: suminf.    6.00000 (20) obj. 1 iterations 16
Cbc0038I Pass   8: suminf.    6.26667 (20) obj. 1 iterations 26
Cbc0038I Pass   9: suminf.    6.66667 (20) obj. 1 iterations 16
Cbc0038I Pass  10: suminf.    2.40000 (8) obj. 1 iterations 27
Cbc0038I Pass  11: suminf.    2.66667 (8) obj. 1 iterations 3
Cbc0038I Pass  12: suminf.    5.66667 (18) obj. 1 iterations 284
Cbc0038I Pass  13: suminf.    5.66667 (18) obj. 1 iterations 179
Cbc0038I Pass  14: suminf.    5.73333 (18) obj. 1 iterations 19
Cbc0038I Pass  15: suminf.    5.73333 (18) obj. 1 iterations 8
Cbc0038I Pass  16: suminf.    2.66667 (8) obj. 1 iterations 24
Cbc0038I Pass  17: suminf.    2.66667 (8) obj. 1 iterations 7
Cbc0038I Pass  18: suminf.    2.40000 (8) obj. 1 iterations 14
Cbc0038I Pass  19: suminf.    4.80000 (16) obj. 2 iterations 509
Cbc0038I Pass  20: suminf.    4.80000 (16) obj. 2 iterations 142
Cbc0038I Pass  21: suminf.    5.33333 (16) obj. 2 iterations 24
Cbc0038I Pass  22: suminf.   35.97154 (130) obj. 5 iterations 479
Cbc0038I Pass  23: suminf.    5.33333 (16) obj. 2 iterations 345
Cbc0038I Pass  24: suminf.   19.91667 (51) obj. 3 iterations 305
Cbc0038I Pass  25: suminf.    6.00000 (18) obj. 2 iterations 186
Cbc0038I Pass  26: suminf.    6.00000 (18) obj. 2 iterations 7
Cbc0038I Pass  27: suminf.    6.33333 (18) obj. 2 iterations 30
Cbc0038I Pass  28: suminf.    6.33333 (18) obj. 2 iterations 9
Cbc0038I Pass  29: suminf.    6.00000 (18) obj. 2 iterations 42
Cbc0038I Pass  30: suminf.   48.36733 (247) obj. 5.43775 iterations 490
Cbc0038I Pass  31: suminf.    8.55000 (26) obj. 3 iterations 501
Cbc0038I Pass  32: suminf.    7.80000 (26) obj. 3 iterations 71
Cbc0038I Pass  33: suminf.    8.73333 (26) obj. 3 iterations 38
Cbc0038I Pass  34: suminf.    8.60000 (26) obj. 3 iterations 5
Cbc0038I Pass  35: suminf.    7.35000 (22) obj. 3 iterations 37
Cbc0038I Pass  36: suminf.    6.60000 (22) obj. 3 iterations 35
Cbc0038I Pass  37: suminf.    6.93333 (22) obj. 3 iterations 38
Cbc0038I Pass  38: suminf.    6.93333 (22) obj. 3 iterations 14
Cbc0038I Pass  39: suminf.    6.00000 (20) obj. 3 iterations 44
Cbc0038I Pass  40: suminf.    7.00000 (20) obj. 3 iterations 16
Cbc0038I Pass  41: suminf.    7.00000 (20) obj. 3 iterations 17
Cbc0038I Pass  42: suminf.    3.00000 (8) obj. 3 iterations 26
Cbc0038I Pass  43: suminf.    3.00000 (8) obj. 3 iterations 21
Cbc0038I Pass  44: suminf.    3.00000 (8) obj. 3 iterations 11
Cbc0038I Pass  45: suminf.    3.00000 (8) obj. 3 iterations 13
Cbc0038I Pass  46: suminf.    3.00000 (8) obj. 3 iterations 8
Cbc0038I Pass  47: suminf.   21.68577 (158) obj. 4.41947 iterations 440
Cbc0038I Pass  48: suminf.    7.80000 (24) obj. 3 iterations 295
Cbc0038I Pass  49: suminf.    7.80000 (24) obj. 3 iterations 14
Cbc0038I Pass  50: suminf.    7.80000 (24) obj. 3 iterations 29
Cbc0038I Pass  51: suminf.    7.80000 (24) obj. 3 iterations 2
Cbc0038I Pass  52: suminf.    8.33333 (24) obj. 3 iterations 16
Cbc0038I Pass  53: suminf.    8.33333 (24) obj. 3 iterations 4
Cbc0038I Pass  54: suminf.    3.00000 (8) obj. 3 iterations 33
Cbc0038I Pass  55: suminf.    3.00000 (8) obj. 3 iterations 5
Cbc0038I Pass  56: suminf.    3.00000 (8) obj. 3 iterations 15
Cbc0038I Pass  57: suminf.    3.00000 (8) obj. 3 iterations 10
Cbc0038I Pass  58: suminf.    2.40000 (8) obj. 3 iterations 228
Cbc0038I Pass  59: suminf.    2.40000 (8) obj. 3 iterations 159
Cbc0038I Pass  60: suminf.    2.66667 (8) obj. 3 iterations 11
Cbc0038I Pass  61: suminf.   19.54762 (63) obj. 4 iterations 321
Cbc0038I Pass  62: suminf.   11.46667 (38) obj. 3 iterations 220
Cbc0038I Pass  63: suminf.   11.46667 (38) obj. 3 iterations 15
Cbc0038I Pass  64: suminf.   12.00000 (37) obj. 3 iterations 27
Cbc0038I Pass  65: suminf.   12.00000 (37) obj. 3 iterations 8
Cbc0038I Pass  66: suminf.    6.33333 (20) obj. 3 iterations 53
Cbc0038I Pass  67: suminf.    6.33333 (20) obj. 3 iterations 23
Cbc0038I Pass  68: suminf.    3.75000 (10) obj. 3 iterations 51
Cbc0038I Pass  69: suminf.    3.33333 (10) obj. 3 iterations 14
Cbc0038I Pass  70: suminf.    2.40000 (8) obj. 3 iterations 15
Cbc0038I Pass  71: suminf.    2.66667 (8) obj. 3 iterations 6
Cbc0038I Pass  72: suminf.    5.06667 (16) obj. 3 iterations 219
Cbc0038I Pass  73: suminf.    5.06667 (16) obj. 3 iterations 146
Cbc0038I Pass  74: suminf.    4.80000 (16) obj. 3 iterations 22
Cbc0038I Pass  75: suminf.    4.80000 (16) obj. 3 iterations 4
Cbc0038I Pass  76: suminf.    5.06667 (16) obj. 3 iterations 18
Cbc0038I Pass  77: suminf.   44.68761 (252) obj. 6.9507 iterations 555
Cbc0038I Pass  78: suminf.   21.72401 (126) obj. 5 iterations 424
Cbc0038I Pass  79: suminf.   18.26173 (97) obj. 4 iterations 61
Cbc0038I Pass  80: suminf.   18.24744 (97) obj. 4 iterations 4
Cbc0038I Pass  81: suminf.   17.66642 (92) obj. 4 iterations 31
Cbc0038I Pass  82: suminf.   13.60000 (46) obj. 4 iterations 30
Cbc0038I Pass  83: suminf.   13.60000 (46) obj. 4 iterations 5
Cbc0038I Pass  84: suminf.   14.86667 (46) obj. 4 iterations 30
Cbc0038I Pass  85: suminf.   14.73333 (46) obj. 4 iterations 18
Cbc0038I Pass  86: suminf.   13.66667 (41) obj. 4 iterations 27
Cbc0038I Pass  87: suminf.   13.66667 (41) obj. 4 iterations 13
Cbc0038I Pass  88: suminf.    6.00000 (20) obj. 4 iterations 80
Cbc0038I Pass  89: suminf.    6.00000 (20) obj. 4 iterations 20
Cbc0038I Pass  90: suminf.    6.26667 (20) obj. 4 iterations 31
Cbc0038I Pass  91: suminf.    6.26667 (20) obj. 4 iterations 16
Cbc0038I Pass  92: suminf.   51.06302 (247) obj. 5.36129 iterations 547
Cbc0038I Pass  93: suminf.   22.12000 (89) obj. 4.66667 iterations 354
Cbc0038I Pass  94: suminf.   12.46667 (40) obj. 3 iterations 102
Cbc0038I Pass  95: suminf.   12.46667 (40) obj. 3 iterations 18
Cbc0038I Pass  96: suminf.   13.06667 (40) obj. 3 iterations 44
Cbc0038I Pass  97: suminf.   13.06667 (40) obj. 3 iterations 8
Cbc0038I Pass  98: suminf.   11.86667 (39) obj. 3 iterations 42
Cbc0038I Pass  99: suminf.   11.86667 (39) obj. 3 iterations 25
Cbc0038I Pass 100: suminf.   33.58354 (189) obj. 4.61021 iterations 484
Cbc0038I No solution found this major pass
Cbc0038I Before mini branch and bound, 11 integers at bound fixed and 0 continuous
Cbc0038I Full problem 1532 rows 440 columns, reduced to 1498 rows 427 columns - too large
Cbc0038I Mini branch and bound did not improve solution (0.70 seconds)
Cbc0038I Full problem 1533 rows 440 columns, reduced to 1533 rows 440 columns - too large
Cbc0038I After 0.74 seconds - Feasibility pump exiting - took 0.67 seconds
Cbc0031I 68 added rows had average density of 70.411765
Cbc0013I At root node, 68 cuts changed objective from 0.2 to 1 in 100 passes
Cbc0014I Cut generator 0 (Probing) - 8171 row cuts average 59.9 elements, 0 column cuts (0 active)  in 0.620 seconds - new frequency is 1
Cbc0014I Cut generator 1 (Gomory) - 6566 row cuts average 108.6 elements, 0 column cuts (0 active)  in 0.630 seconds - new frequency is 1
Cbc0014I Cut generator 2 (Knapsack) - 90 row cuts average 26.1 elements, 0 column cuts (0 active)  in 0.102 seconds - new frequency is 1
Cbc0014I Cut generator 3 (Clique) - 0 row cuts average 0.0 elements, 0 column cuts (0 active)  in 0.024 seconds - new frequency is -100
Cbc0014I Cut generator 4 (MixedIntegerRounding2) - 421 row cuts average 98.1 elements, 0 column cuts (0 active)  in 0.362 seconds - new frequency is 1
Cbc0014I Cut generator 5 (FlowCover) - 0 row cuts average 0.0 elements, 0 column cuts (0 active)  in 0.010 seconds - new frequency is -100
Cbc0014I Cut generator 6 (TwoMirCuts) - 211 row cuts average 319.4 elements, 0 column cuts (0 active)  in 0.404 seconds - new frequency is -100
Cbc0014I Cut generator 7 (ZeroHalf) - 1930 row cuts average 8.6 elements, 0 column cuts (0 active)  in 0.778 seconds - new frequency is 1
Cbc0010I After 0 nodes, 1 on tree, 1e+50 best solution, best possible 1 (13.16 seconds)
Cbc0004I Integer solution of 4 found after 61081 iterations and 40 nodes (18.00 seconds)
Cbc0038I Full problem 1532 rows 440 columns, reduced to 677 rows 206 columns
Cbc0016I Integer solution of 2 found by strong branching after 78223 iterations and 81 nodes (21.12 seconds)
Cbc0038I Full problem 1532 rows 440 columns, reduced to 702 rows 202 columns
Cbc0010I After 100 nodes, 9 on tree, 2 best solution, best possible 1 (22.71 seconds)
Cbc0010I After 200 nodes, 17 on tree, 2 best solution, best possible 1 (27.82 seconds)
Cbc0038I Full problem 1532 rows 440 columns, reduced to 531 rows 168 columns
Cbc0010I After 300 nodes, 5 on tree, 2 best solution, best possible 1 (30.48 seconds)
Cbc0038I Full problem 1532 rows 440 columns, reduced to 282 rows 100 columns
Cbc0010I After 400 nodes, 10 on tree, 2 best solution, best possible 1 (35.26 seconds)
Cbc0038I Full problem 1532 rows 440 columns, reduced to 471 rows 153 columns
Cbc0010I After 500 nodes, 11 on tree, 2 best solution, best possible 1 (38.62 seconds)
Cbc0010I After 600 nodes, 10 on tree, 2 best solution, best possible 1 (42.10 seconds)
Cbc0010I After 700 nodes, 8 on tree, 2 best solution, best possible 1 (44.93 seconds)
Cbc0038I Full problem 1532 rows 440 columns, reduced to 565 rows 177 columns
Cbc0010I After 800 nodes, 13 on tree, 2 best solution, best possible 1 (47.83 seconds)
Cbc0010I After 900 nodes, 9 on tree, 2 best solution, best possible 1 (50.25 seconds)
Cbc0038I Full problem 1532 rows 440 columns, reduced to 734 rows 215 columns
Cbc0010I After 1000 nodes, 11 on tree, 2 best solution, best possible 1 (53.09 seconds)
Cbc0010I After 1100 nodes, 6 on tree, 2 best solution, best possible 1 (54.97 seconds)
Cbc0038I Full problem 1532 rows 440 columns, reduced to 580 rows 167 columns
Cbc0038I Full problem 1532 rows 440 columns, reduced to 553 rows 173 columns
Cbc0010I After 1200 nodes, 17 on tree, 2 best solution, best possible 1 (57.68 seconds)
Cbc0038I Full problem 1532 rows 440 columns, reduced to 483 rows 158 columns
Cbc0010I After 1300 nodes, 15 on tree, 2 best solution, best possible 1 (59.44 seconds)
Cbc0010I After 1400 nodes, 15 on tree, 2 best solution, best possible 1 (61.47 seconds)
Cbc0010I After 1500 nodes, 13 on tree, 2 best solution, best possible 1 (63.36 seconds)
Cbc0010I After 1600 nodes, 19 on tree, 2 best solution, best possible 1 (65.06 seconds)
Cbc0010I After 1700 nodes, 17 on tree, 2 best solution, best possible 1 (66.42 seconds)
Cbc0010I After 1800 nodes, 18 on tree, 2 best solution, best possible 1 (68.26 seconds)
Cbc0010I After 1900 nodes, 13 on tree, 2 best solution, best possible 1 (69.66 seconds)
Cbc0010I After 2000 nodes, 12 on tree, 2 best solution, best possible 1 (71.09 seconds)
Cbc0010I After 2100 nodes, 12 on tree, 2 best solution, best possible 1 (72.27 seconds)
Cbc0010I After 2200 nodes, 12 on tree, 2 best solution, best possible 1 (73.75 seconds)
Cbc0010I After 2300 nodes, 14 on tree, 2 best solution, best possible 1 (75.05 seconds)
Cbc0010I After 2400 nodes, 16 on tree, 2 best solution, best possible 1 (76.58 seconds)
Cbc0038I Full problem 1532 rows 440 columns, reduced to 546 rows 173 columns
Cbc0010I After 2500 nodes, 13 on tree, 2 best solution, best possible 1 (77.68 seconds)
Cbc0010I After 2600 nodes, 15 on tree, 2 best solution, best possible 1 (78.67 seconds)
Cbc0010I After 2700 nodes, 13 on tree, 2 best solution, best possible 1 (79.77 seconds)
Cbc0010I After 2800 nodes, 15 on tree, 2 best solution, best possible 1 (81.03 seconds)
Cbc0010I After 2900 nodes, 14 on tree, 2 best solution, best possible 1 (82.38 seconds)
Cbc0038I Full problem 1532 rows 440 columns, reduced to 713 rows 214 columns
Cbc0010I After 3000 nodes, 15 on tree, 2 best solution, best possible 1 (83.83 seconds)
Cbc0010I After 3100 nodes, 9 on tree, 2 best solution, best possible 1 (84.93 seconds)
Cbc0010I After 3200 nodes, 11 on tree, 2 best solution, best possible 1 (86.30 seconds)
Cbc0010I After 3300 nodes, 14 on tree, 2 best solution, best possible 1 (87.65 seconds)
Cbc0010I After 3400 nodes, 13 on tree, 2 best solution, best possible 1 (88.94 seconds)
Cbc0010I After 3500 nodes, 11 on tree, 2 best solution, best possible 1 (90.17 seconds)
Cbc0010I After 3600 nodes, 10 on tree, 2 best solution, best possible 1 (91.71 seconds)
Cbc0010I After 3700 nodes, 13 on tree, 2 best solution, best possible 1 (92.99 seconds)
Cbc0010I After 3800 nodes, 10 on tree, 2 best solution, best possible 1 (94.56 seconds)
Cbc0010I After 3900 nodes, 9 on tree, 2 best solution, best possible 1 (96.52 seconds)
Cbc0010I After 4000 nodes, 17 on tree, 2 best solution, best possible 1 (98.04 seconds)
Cbc0010I After 4100 nodes, 10 on tree, 2 best solution, best possible 1 (98.95 seconds)
Cbc0038I Full problem 1532 rows 440 columns, reduced to 634 rows 176 columns
Cbc0010I After 4200 nodes, 11 on tree, 2 best solution, best possible 1 (100.05 seconds)
Cbc0010I After 4300 nodes, 15 on tree, 2 best solution, best possible 1 (101.54 seconds)
Cbc0010I After 4400 nodes, 13 on tree, 2 best solution, best possible 1 (102.62 seconds)
Cbc0010I After 4500 nodes, 14 on tree, 2 best solution, best possible 1 (103.54 seconds)
Cbc0010I After 4600 nodes, 15 on tree, 2 best solution, best possible 1 (105.27 seconds)
Cbc0010I After 4700 nodes, 17 on tree, 2 best solution, best possible 1 (106.82 seconds)
Cbc0010I After 4800 nodes, 16 on tree, 2 best solution, best possible 1 (108.25 seconds)
Cbc0010I After 4900 nodes, 14 on tree, 2 best solution, best possible 1 (109.39 seconds)
Cbc0010I After 5000 nodes, 17 on tree, 2 best solution, best possible 1 (110.74 seconds)
Cbc0010I After 5100 nodes, 7 on tree, 2 best solution, best possible 1 (112.03 seconds)
Cbc0010I After 5200 nodes, 11 on tree, 2 best solution, best possible 1 (113.32 seconds)
Cbc0010I After 5300 nodes, 8 on tree, 2 best solution, best possible 1 (115.39 seconds)
Cbc0038I Full problem 1532 rows 440 columns, reduced to 385 rows 119 columns
Cbc0010I After 5400 nodes, 15 on tree, 2 best solution, best possible 1 (116.69 seconds)
Cbc0010I After 5500 nodes, 10 on tree, 2 best solution, best possible 1 (118.14 seconds)
Cbc0010I After 5600 nodes, 11 on tree, 2 best solution, best possible 1 (119.51 seconds)
Cbc0010I After 5700 nodes, 13 on tree, 2 best solution, best possible 1 (120.83 seconds)
Cbc0010I After 5800 nodes, 6 on tree, 2 best solution, best possible 1 (121.94 seconds)
Cbc0010I After 5900 nodes, 17 on tree, 2 best solution, best possible 1 (123.60 seconds)
Cbc0038I Full problem 1532 rows 440 columns, reduced to 407 rows 126 columns
Cbc0010I After 6000 nodes, 5 on tree, 2 best solution, best possible 1 (124.90 seconds)
Cbc0010I After 6100 nodes, 14 on tree, 2 best solution, best possible 1 (126.40 seconds)
Cbc0010I After 6200 nodes, 16 on tree, 2 best solution, best possible 1 (127.95 seconds)
Cbc0010I After 6300 nodes, 14 on tree, 2 best solution, best possible 1 (128.95 seconds)
Cbc0010I After 6400 nodes, 10 on tree, 2 best solution, best possible 1 (129.93 seconds)
Cbc0010I After 6500 nodes, 12 on tree, 2 best solution, best possible 1 (130.98 seconds)
Cbc0010I After 6600 nodes, 16 on tree, 2 best solution, best possible 1 (132.38 seconds)
Cbc0010I After 6700 nodes, 12 on tree, 2 best solution, best possible 1 (133.30 seconds)
Cbc0010I After 6800 nodes, 13 on tree, 2 best solution, best possible 1 (134.31 seconds)
Cbc0010I After 6900 nodes, 9 on tree, 2 best solution, best possible 1 (135.08 seconds)
Cbc0010I After 7000 nodes, 16 on tree, 2 best solution, best possible 1 (136.31 seconds)
Cbc0010I After 7100 nodes, 9 on tree, 2 best solution, best possible 1 (137.39 seconds)
Cbc0038I Full problem 1532 rows 440 columns, reduced to 506 rows 162 columns
Cbc0010I After 7200 nodes, 11 on tree, 2 best solution, best possible 1 (139.08 seconds)
Cbc0010I After 7300 nodes, 17 on tree, 2 best solution, best possible 1 (140.11 seconds)
Cbc0010I After 7400 nodes, 11 on tree, 2 best solution, best possible 1 (141.23 seconds)
Cbc0010I After 7500 nodes, 15 on tree, 2 best solution, best possible 1 (142.18 seconds)
Cbc0010I After 7600 nodes, 13 on tree, 2 best solution, best possible 1 (143.09 seconds)
Cbc0010I After 7700 nodes, 14 on tree, 2 best solution, best possible 1 (144.16 seconds)
Cbc0010I After 7800 nodes, 14 on tree, 2 best solution, best possible 1 (145.23 seconds)
Cbc0010I After 7900 nodes, 19 on tree, 2 best solution, best possible 1 (146.11 seconds)
Cbc0010I After 8000 nodes, 10 on tree, 2 best solution, best possible 1 (147.25 seconds)
Cbc0010I After 8100 nodes, 10 on tree, 2 best solution, best possible 1 (148.14 seconds)
Cbc0010I After 8200 nodes, 10 on tree, 2 best solution, best possible 1 (149.25 seconds)
Cbc0010I After 8300 nodes, 9 on tree, 2 best solution, best possible 1 (150.64 seconds)
Cbc0010I After 8400 nodes, 10 on tree, 2 best solution, best possible 1 (151.89 seconds)
Cbc0038I Full problem 1532 rows 440 columns, reduced to 303 rows 103 columns
Cbc0010I After 8500 nodes, 8 on tree, 2 best solution, best possible 1 (153.34 seconds)
Cbc0010I After 8600 nodes, 9 on tree, 2 best solution, best possible 1 (154.42 seconds)
Cbc0010I After 8700 nodes, 11 on tree, 2 best solution, best possible 1 (155.47 seconds)
Cbc0010I After 8800 nodes, 14 on tree, 2 best solution, best possible 1 (156.92 seconds)
Cbc0010I After 8900 nodes, 12 on tree, 2 best solution, best possible 1 (158.15 seconds)
Cbc0038I Full problem 1532 rows 440 columns, reduced to 341 rows 118 columns
Cbc0010I After 9000 nodes, 15 on tree, 2 best solution, best possible 1 (159.49 seconds)
Cbc0010I After 9100 nodes, 10 on tree, 2 best solution, best possible 1 (160.91 seconds)
Cbc0010I After 9200 nodes, 15 on tree, 2 best solution, best possible 1 (162.92 seconds)
Cbc0010I After 9300 nodes, 14 on tree, 2 best solution, best possible 1 (164.10 seconds)
Cbc0010I After 9400 nodes, 11 on tree, 2 best solution, best possible 1 (165.13 seconds)
Cbc0010I After 9500 nodes, 10 on tree, 2 best solution, best possible 1 (166.39 seconds)
Cbc0038I Full problem 1532 rows 440 columns, reduced to 210 rows 78 columns
Cbc0010I After 9600 nodes, 11 on tree, 2 best solution, best possible 1 (168.07 seconds)
Cbc0010I After 9700 nodes, 15 on tree, 2 best solution, best possible 1 (169.73 seconds)
Cbc0010I After 9800 nodes, 9 on tree, 2 best solution, best possible 1 (170.69 seconds)
Cbc0010I After 9900 nodes, 16 on tree, 2 best solution, best possible 1 (171.93 seconds)
Cbc0010I After 10000 nodes, 10 on tree, 2 best solution, best possible 1 (172.97 seconds)
Cbc0010I After 10100 nodes, 15 on tree, 2 best solution, best possible 1 (174.01 seconds)
Cbc0010I After 10200 nodes, 8 on tree, 2 best solution, best possible 1 (174.98 seconds)
Cbc0010I After 10300 nodes, 13 on tree, 2 best solution, best possible 1 (176.45 seconds)
Cbc0010I After 10400 nodes, 8 on tree, 2 best solution, best possible 1 (177.74 seconds)
Cbc0010I After 10500 nodes, 7 on tree, 2 best solution, best possible 1 (179.09 seconds)
Cbc0020I Exiting on maximum time
Cbc0005I Partial search - best objective 2 (best possible 1), took 1704338 iterations and 10567 nodes (179.98 seconds)
Cbc0032I Strong branching done 7422 times (361577 iterations), fathomed 242 nodes and fixed 243 variables
Cbc0035I Maximum depth 31, 35 variables fixed on reduced cost
Cuts at root node changed objective from 0.2 to 1
Probing was tried 8960 times and created 170523 cuts of which 0 were active after adding rounds of cuts (4.909 seconds)
Gomory was tried 6216 times and created 39849 cuts of which 0 were active after adding rounds of cuts (5.489 seconds)
Knapsack was tried 6216 times and created 575 cuts of which 0 were active after adding rounds of cuts (3.285 seconds)
Clique was tried 100 times and created 0 cuts of which 0 were active after adding rounds of cuts (0.024 seconds)
MixedIntegerRounding2 was tried 6216 times and created 1131 cuts of which 0 were active after adding rounds of cuts (3.278 seconds)
FlowCover was tried 100 times and created 0 cuts of which 0 were active after adding rounds of cuts (0.010 seconds)
TwoMirCuts was tried 100 times and created 211 cuts of which 0 were active after adding rounds of cuts (0.404 seconds)
ZeroHalf was tried 6216 times and created 51615 cuts of which 0 were active after adding rounds of cuts (15.854 seconds)
ImplicationCuts was tried 447 times and created 974 cuts of which 0 were active after adding rounds of cuts (0.033 seconds)

Result - Stopped on time limit

Objective value:                2.00000000
Lower bound:                    1.000
Gap:                            1.00
Enumerated nodes:               10567
Total iterations:               1704338
Time (CPU seconds):             178.09
Time (Wallclock seconds):       180.06

Option for printingOptions changed from normal to all
Total time (CPU seconds):       178.10   (Wallclock seconds):       180.06

